09:41:15 INFO  : Registering command handlers for SDK TCF services
09:41:15 INFO  : Launching XSCT server: xsct.bat -interactive D:\github_repo\ZYNQ_PL_CONV\vivado_project\zynq_pl_acc_demo\zynq_pl_acc_demo.sdk\temp_xsdb_launch_script.tcl
09:41:17 INFO  : XSCT server has started successfully.
09:41:22 INFO  : Successfully done setting XSCT server connection channel  
09:41:22 INFO  : Successfully done setting SDK workspace  
09:41:22 INFO  : Processing command line option -hwspec D:/github_repo/ZYNQ_PL_CONV/vivado_project/zynq_pl_acc_demo/zynq_pl_acc_demo.sdk/system_wrapper.hdf.
09:42:55 INFO  : Connected to target on host '127.0.0.1' and port '3121'.
09:42:56 INFO  : Jtag cable 'Digilent JTAG-HS1 210249857699' is selected.
09:42:56 INFO  : 'jtag frequency' command is executed.
09:42:56 INFO  : Sourcing of 'D:/github_repo/ZYNQ_PL_CONV/vivado_project/zynq_pl_acc_demo/zynq_pl_acc_demo.sdk/system_wrapper_hw_platform_0/ps7_init.tcl' is done.
09:42:56 INFO  : Context for 'APU' is selected.
09:42:56 INFO  : System reset is completed.
09:42:59 INFO  : 'after 3000' command is executed.
09:42:59 INFO  : 'targets -set -filter {jtag_cable_name =~ "Digilent JTAG-HS1 210249857699" && level==0} -index 1' command is executed.
09:43:10 INFO  : FPGA configured successfully with bitstream "D:/github_repo/ZYNQ_PL_CONV/vivado_project/zynq_pl_acc_demo/zynq_pl_acc_demo.sdk/system_wrapper_hw_platform_0/system_wrapper.bit"
09:43:10 INFO  : Context for 'APU' is selected.
09:43:10 INFO  : Hardware design information is loaded from 'D:/github_repo/ZYNQ_PL_CONV/vivado_project/zynq_pl_acc_demo/zynq_pl_acc_demo.sdk/system_wrapper_hw_platform_0/system.hdf'.
09:43:10 INFO  : 'configparams force-mem-access 1' command is executed.
09:43:10 INFO  : Context for 'APU' is selected.
09:43:11 INFO  : 'ps7_init' command is executed.
09:43:11 INFO  : 'ps7_post_config' command is executed.
09:43:11 INFO  : Context for processor 'ps7_cortexa9_0' is selected.
09:43:11 INFO  : The application 'D:/github_repo/ZYNQ_PL_CONV/vivado_project/zynq_pl_acc_demo/zynq_pl_acc_demo.sdk/test3/Debug/test3.elf' is downloaded to processor 'ps7_cortexa9_0'.
09:43:11 INFO  : 'configparams force-mem-access 0' command is executed.
09:43:11 INFO  : ----------------XSDB Script----------------
connect -url tcp:127.0.0.1:3121
source D:/github_repo/ZYNQ_PL_CONV/vivado_project/zynq_pl_acc_demo/zynq_pl_acc_demo.sdk/system_wrapper_hw_platform_0/ps7_init.tcl
targets -set -nocase -filter {name =~"APU*" && jtag_cable_name =~ "Digilent JTAG-HS1 210249857699"} -index 0
rst -system
after 3000
targets -set -filter {jtag_cable_name =~ "Digilent JTAG-HS1 210249857699" && level==0} -index 1
fpga -file D:/github_repo/ZYNQ_PL_CONV/vivado_project/zynq_pl_acc_demo/zynq_pl_acc_demo.sdk/system_wrapper_hw_platform_0/system_wrapper.bit
targets -set -nocase -filter {name =~"APU*" && jtag_cable_name =~ "Digilent JTAG-HS1 210249857699"} -index 0
loadhw -hw D:/github_repo/ZYNQ_PL_CONV/vivado_project/zynq_pl_acc_demo/zynq_pl_acc_demo.sdk/system_wrapper_hw_platform_0/system.hdf -mem-ranges [list {0x40000000 0xbfffffff}]
configparams force-mem-access 1
targets -set -nocase -filter {name =~"APU*" && jtag_cable_name =~ "Digilent JTAG-HS1 210249857699"} -index 0
ps7_init
ps7_post_config
targets -set -nocase -filter {name =~ "ARM*#0" && jtag_cable_name =~ "Digilent JTAG-HS1 210249857699"} -index 0
dow D:/github_repo/ZYNQ_PL_CONV/vivado_project/zynq_pl_acc_demo/zynq_pl_acc_demo.sdk/test3/Debug/test3.elf
configparams force-mem-access 0
----------------End of Script----------------

09:43:11 INFO  : Memory regions updated for context APU
09:43:11 INFO  : Context for processor 'ps7_cortexa9_0' is selected.
09:43:11 INFO  : 'con' command is executed.
09:43:11 INFO  : ----------------XSDB Script (After Launch)----------------
targets -set -nocase -filter {name =~ "ARM*#0" && jtag_cable_name =~ "Digilent JTAG-HS1 210249857699"} -index 0
con
----------------End of Script----------------

09:43:11 INFO  : Launch script is exported to file 'D:\github_repo\ZYNQ_PL_CONV\vivado_project\zynq_pl_acc_demo\zynq_pl_acc_demo.sdk\.sdk\launch_scripts\xilinx_c-c++_application_(system_debugger)\system_debugger_using_debug_test3.elf_on_local.tcl'
09:51:19 INFO  : Disconnected from the channel tcfchan#1.
