Copyright 1986-2019 Xilinx, Inc. All Rights Reserved.
------------------------------------------------------------------------------------
| Tool Version : Vivado v.2019.1 (win64) Build 2552052 Fri May 24 14:49:42 MDT 2019
| Date         : Tue Mar 21 00:01:34 2023
| Host         : LAPTOP-8KA88UT5 running 64-bit major release  (build 9200)
| Command      : upgrade_ip
| Device       : xc7z035ffg676-2
------------------------------------------------------------------------------------

Upgrade Log for IP 'system_myip_0_0'

1. Summary
----------

SUCCESS in the upgrade of system_myip_0_0 (xilinx.com:user:myip:1.0) from (Rev. 3) to (Rev. 4)






Copyright 1986-2019 Xilinx, Inc. All Rights Reserved.
------------------------------------------------------------------------------------
| Tool Version : Vivado v.2019.1 (win64) Build 2552052 Fri May 24 14:49:42 MDT 2019
| Date         : Mon Mar 20 23:39:18 2023
| Host         : LAPTOP-8KA88UT5 running 64-bit major release  (build 9200)
| Command      : upgrade_ip
| Device       : xc7z035ffg676-2
------------------------------------------------------------------------------------

Upgrade Log for IP 'system_myip_0_0'

1. Summary
----------

SUCCESS in the upgrade of system_myip_0_0 (xilinx.com:user:myip:1.0) from (Rev. 2) to (Rev. 3)

