#-----------------------------------------------------------
# Vivado v2019.1 (64-bit)
# SW Build 2552052 on Fri May 24 14:49:42 MDT 2019
# IP Build 2548770 on Fri May 24 18:01:18 MDT 2019
# Start of session at: Fri Apr 14 09:39:36 2023
# Process ID: 15800
# Current directory: D:/github_repo/ZYNQ_PL_CONV/vivado_project/zynq_pl_acc_demo
# Command line: vivado.exe -gui_launcher_event rodinguilauncherevent12072 D:\github_repo\ZYNQ_PL_CONV\vivado_project\zynq_pl_acc_demo\zynq_pl_acc_demo.xpr
# Log file: D:/github_repo/ZYNQ_PL_CONV/vivado_project/zynq_pl_acc_demo/vivado.log
# Journal file: D:/github_repo/ZYNQ_PL_CONV/vivado_project/zynq_pl_acc_demo\vivado.jou
#-----------------------------------------------------------
start_gui
open_project D:/github_repo/ZYNQ_PL_CONV/vivado_project/zynq_pl_acc_demo/zynq_pl_acc_demo.xpr
Scanning sources...
Finished scanning sources
WARNING: [filemgmt 56-3] IP Repository Path: Could not find the directory 'D:/github_repo/ZYNQ_PL_CONV/vivado_project/ip_repo/pl_reg_1.0'.
WARNING: [filemgmt 56-3] IP Repository Path: Could not find the directory 'D:/github_repo/ZYNQ_PL_CONV/vivado_project/ip_repo/myip_1.0'.
WARNING: [filemgmt 56-3] IP Repository Path: Could not find the directory 'D:/github_repo/ZYNQ_PL_CONV/vivado_project/ip_repo/myip_1.0'.
WARNING: [filemgmt 56-3] IP Repository Path: Could not find the directory 'D:/github_repo/ZYNQ_PL_CONV/github_repo/ip_repo/AXI2PL_1.0'.
INFO: [IP_Flow 19-234] Refreshing IP repositories
INFO: [IP_Flow 19-1700] Loaded user IP repository 'd:/github_repo/ZYNQ_PL_CONV/vivado_project/ip_repo/pl_reg0_1.0'.
WARNING: [IP_Flow 19-2248] Failed to load user IP repository 'd:/github_repo/ZYNQ_PL_CONV/vivado_project/ip_repo/pl_reg_1.0'; Can't find the specified path.
If this directory should no longer be in your list of user repositories, go to the IP Settings dialog and remove it.
WARNING: [IP_Flow 19-2248] Failed to load user IP repository 'd:/github_repo/ZYNQ_PL_CONV/vivado_project/ip_repo/myip_1.0'; Can't find the specified path.
If this directory should no longer be in your list of user repositories, go to the IP Settings dialog and remove it.
WARNING: [IP_Flow 19-2207] Repository 'd:/github_repo/ZYNQ_PL_CONV/vivado_project/ip_repo/myip_1.0' already exists; ignoring attempt to add it again.
WARNING: [IP_Flow 19-2248] Failed to load user IP repository 'd:/github_repo/ZYNQ_PL_CONV/vivado_project/ip_repo/myip_1.0'; Can't find the specified path.
If this directory should no longer be in your list of user repositories, go to the IP Settings dialog and remove it.
WARNING: [IP_Flow 19-2248] Failed to load user IP repository 'd:/github_repo/ZYNQ_PL_CONV/github_repo/ip_repo/AXI2PL_1.0'; Can't find the specified path.
If this directory should no longer be in your list of user repositories, go to the IP Settings dialog and remove it.
INFO: [IP_Flow 19-2313] Loaded Vivado IP repository 'D:/SoftwareRoot/Vivado2019.1/Vivado/2019.1/data/ip'.
open_project: Time (s): cpu = 00:00:06 ; elapsed = 00:00:17 . Memory (MB): peak = 979.520 ; gain = 297.621
update_compile_order -fileset sources_1
file mkdir D:/github_repo/ZYNQ_PL_CONV/vivado_project/zynq_pl_acc_demo/zynq_pl_acc_demo.sdk
file copy -force D:/github_repo/ZYNQ_PL_CONV/vivado_project/zynq_pl_acc_demo/zynq_pl_acc_demo.runs/impl_1/system_wrapper.sysdef D:/github_repo/ZYNQ_PL_CONV/vivado_project/zynq_pl_acc_demo/zynq_pl_acc_demo.sdk/system_wrapper.hdf

open_hw
connect_hw_server
INFO: [Labtools 27-2285] Connecting to hw_server url TCP:localhost:3121
INFO: [Labtools 27-2222] Launching hw_server...
INFO: [Labtools 27-2221] Launch Output:

****** Xilinx hw_server v2019.1
  **** Build date : May 24 2019 at 15:13:31
    ** Copyright 1986-2019 Xilinx, Inc. All Rights Reserved.


open_hw_target
INFO: [Labtoolstcl 44-466] Opening hw_target localhost:3121/xilinx_tcf/Digilent/210249857699
open_hw_target: Time (s): cpu = 00:00:02 ; elapsed = 00:00:06 . Memory (MB): peak = 2254.535 ; gain = 570.070
set_property PROGRAM.FILE {D:/github_repo/ZYNQ_PL_CONV/vivado_project/zynq_pl_acc_demo/zynq_pl_acc_demo.runs/impl_1/system_wrapper.bit} [get_hw_devices xc7z035_1]
set_property PROBES.FILE {D:/github_repo/ZYNQ_PL_CONV/vivado_project/zynq_pl_acc_demo/zynq_pl_acc_demo.runs/impl_1/system_wrapper.ltx} [get_hw_devices xc7z035_1]
set_property FULL_PROBES.FILE {D:/github_repo/ZYNQ_PL_CONV/vivado_project/zynq_pl_acc_demo/zynq_pl_acc_demo.runs/impl_1/system_wrapper.ltx} [get_hw_devices xc7z035_1]
current_hw_device [get_hw_devices xc7z035_1]
refresh_hw_device [lindex [get_hw_devices xc7z035_1] 0]
INFO: [Labtools 27-1434] Device xc7z035 (JTAG device index = 1) is programmed with a design that has no supported debug core(s) in it.
WARNING: [Labtools 27-3361] The debug hub core was not detected.
Resolution: 
1. Make sure the clock connected to the debug hub (dbg_hub) core is a free running clock and is active.
2. Make sure the BSCAN_SWITCH_USER_MASK device property in Vivado Hardware Manager reflects the user scan chain setting in the design and refresh the device.  To determine the user scan chain setting in the design, open the implemented design and use 'get_property C_USER_SCAN_CHAIN [get_debug_cores dbg_hub]'.
For more details on setting the scan chain property, consult the Vivado Debug and Programming User Guide (UG908).
WARNING: [Labtools 27-3413] Dropping logic core with cellname:'Conv_Acc_inst/bram_mac_inst/your_instance_name' at location 'uuid_4260453015395B83B36587054CA146F4' from probes file, since it cannot be found on the programmed device.
WARNING: [Labtools 27-3413] Dropping logic core with cellname:'system_i/system_ila_0/inst/ila_lib' at location 'uuid_45D3035BFE745890A869ED7D93CDA129' from probes file, since it cannot be found on the programmed device.
launch_sdk -workspace D:/github_repo/ZYNQ_PL_CONV/vivado_project/zynq_pl_acc_demo/zynq_pl_acc_demo.sdk -hwspec D:/github_repo/ZYNQ_PL_CONV/vivado_project/zynq_pl_acc_demo/zynq_pl_acc_demo.sdk/system_wrapper.hdf
INFO: [Vivado 12-393] Launching SDK...
INFO: [Vivado 12-417] Running xsdk -workspace D:/github_repo/ZYNQ_PL_CONV/vivado_project/zynq_pl_acc_demo/zynq_pl_acc_demo.sdk -hwspec D:/github_repo/ZYNQ_PL_CONV/vivado_project/zynq_pl_acc_demo/zynq_pl_acc_demo.sdk/system_wrapper.hdf
INFO: [Vivado 12-3157] SDK launch initiated. Please check console for any further messages.
close_hw
open_hw
connect_hw_server
INFO: [Labtools 27-2285] Connecting to hw_server url TCP:localhost:3121
open_hw_target
INFO: [Labtoolstcl 44-466] Opening hw_target localhost:3121/xilinx_tcf/Digilent/210249857699
set_property PROGRAM.FILE {D:/github_repo/ZYNQ_PL_CONV/vivado_project/zynq_pl_acc_demo/zynq_pl_acc_demo.runs/impl_1/system_wrapper.bit} [get_hw_devices xc7z035_1]
set_property PROBES.FILE {D:/github_repo/ZYNQ_PL_CONV/vivado_project/zynq_pl_acc_demo/zynq_pl_acc_demo.runs/impl_1/system_wrapper.ltx} [get_hw_devices xc7z035_1]
set_property FULL_PROBES.FILE {D:/github_repo/ZYNQ_PL_CONV/vivado_project/zynq_pl_acc_demo/zynq_pl_acc_demo.runs/impl_1/system_wrapper.ltx} [get_hw_devices xc7z035_1]
current_hw_device [get_hw_devices xc7z035_1]
refresh_hw_device [lindex [get_hw_devices xc7z035_1] 0]
INFO: [Labtools 27-2302] Device xc7z035 (JTAG device index = 1) is programmed with a design that has 2 ILA core(s).
display_hw_ila_data [ get_hw_ila_data hw_ila_data_1 -of_objects [get_hw_ilas -of_objects [get_hw_devices xc7z035_1] -filter {CELL_NAME=~"Conv_Acc_inst/bram_mac_inst/your_instance_name"}]]
display_hw_ila_data [ get_hw_ila_data hw_ila_data_2 -of_objects [get_hw_ilas -of_objects [get_hw_devices xc7z035_1] -filter {CELL_NAME=~"system_i/system_ila_0/inst/ila_lib"}]]
Processed interface axi_dma_0_M_AXIS_MM2S_ila2_slot0
Processed interface S_AXIS_S2MM_0_1_ila2_slot1
add_wave -into {hw_ila_data_1.wcfg} -radix hex { {Conv_Acc_inst/bram_mac_inst/data_in_valid} {Conv_Acc_inst/bram_mac_inst/complete} }
run_hw_ila [get_hw_ilas -of_objects [get_hw_devices xc7z035_1] -filter {CELL_NAME=~"Conv_Acc_inst/bram_mac_inst/your_instance_name"}]
INFO: [Labtools 27-1964] The ILA core 'hw_ila_1' trigger was armed at 2023-Apr-14 09:44:05
wait_on_hw_ila [get_hw_ilas -of_objects [get_hw_devices xc7z035_1] -filter {CELL_NAME=~"Conv_Acc_inst/bram_mac_inst/your_instance_name"}]
display_hw_ila_data [upload_hw_ila_data [get_hw_ilas -of_objects [get_hw_devices xc7z035_1] -filter {CELL_NAME=~"Conv_Acc_inst/bram_mac_inst/your_instance_name"}]]
INFO: [Labtools 27-1966] The ILA core 'hw_ila_1' triggered at 2023-Apr-14 09:44:15
INFO: [Labtools 27-3304] ILA Waveform data saved to file D:/github_repo/ZYNQ_PL_CONV/vivado_project/zynq_pl_acc_demo/zynq_pl_acc_demo.hw/backup/hw_ila_data_1.ila. Use Tcl command 'read_hw_ila_data' or Vivado File->Import->Import ILA Data menu item to import the previously saved data.
save_wave_config {D:/github_repo/ZYNQ_PL_CONV/vivado_project/zynq_pl_acc_demo/zynq_pl_acc_demo.hw/hw_1/wave/hw_ila_data_1/hw_ila_data_1.wcfg}
save_wave_config {D:/github_repo/ZYNQ_PL_CONV/vivado_project/zynq_pl_acc_demo/zynq_pl_acc_demo.hw/hw_1/wave/hw_ila_data_2/hw_ila_data_2.wcfg}
close_hw
exit
INFO: [Common 17-206] Exiting Vivado at Fri Apr 14 09:51:27 2023...
