#-----------------------------------------------------------
# Vivado v2019.1 (64-bit)
# SW Build 2552052 on Fri May 24 14:49:42 MDT 2019
# IP Build 2548770 on Fri May 24 18:01:18 MDT 2019
# Start of session at: Fri Apr 14 09:24:55 2023
# Process ID: 14668
# Current directory: D:/github_repo/ZYNQ_PL_CONV/vivado_project/zynq_pl_acc_demo
# Command line: vivado.exe -gui_launcher_event rodinguilauncherevent14264 D:\github_repo\ZYNQ_PL_CONV\vivado_project\zynq_pl_acc_demo\zynq_pl_acc_demo.xpr
# Log file: D:/github_repo/ZYNQ_PL_CONV/vivado_project/zynq_pl_acc_demo/vivado.log
# Journal file: D:/github_repo/ZYNQ_PL_CONV/vivado_project/zynq_pl_acc_demo\vivado.jou
#-----------------------------------------------------------
start_gui
open_project D:/github_repo/ZYNQ_PL_CONV/vivado_project/zynq_pl_acc_demo/zynq_pl_acc_demo.xpr
Scanning sources...
Finished scanning sources
WARNING: [filemgmt 56-3] IP Repository Path: Could not find the directory 'D:/github_repo/ZYNQ_PL_CONV/vivado_project/ip_repo/pl_reg_1.0'.
WARNING: [filemgmt 56-3] IP Repository Path: Could not find the directory 'D:/github_repo/ZYNQ_PL_CONV/vivado_project/ip_repo/myip_1.0'.
WARNING: [filemgmt 56-3] IP Repository Path: Could not find the directory 'D:/github_repo/ZYNQ_PL_CONV/vivado_project/ip_repo/myip_1.0'.
WARNING: [filemgmt 56-3] IP Repository Path: Could not find the directory 'D:/github_repo/ZYNQ_PL_CONV/github_repo/ip_repo/AXI2PL_1.0'.
INFO: [IP_Flow 19-234] Refreshing IP repositories
INFO: [IP_Flow 19-1700] Loaded user IP repository 'd:/github_repo/ZYNQ_PL_CONV/vivado_project/ip_repo/pl_reg0_1.0'.
WARNING: [IP_Flow 19-2248] Failed to load user IP repository 'd:/github_repo/ZYNQ_PL_CONV/vivado_project/ip_repo/pl_reg_1.0'; Can't find the specified path.
If this directory should no longer be in your list of user repositories, go to the IP Settings dialog and remove it.
WARNING: [IP_Flow 19-2248] Failed to load user IP repository 'd:/github_repo/ZYNQ_PL_CONV/vivado_project/ip_repo/myip_1.0'; Can't find the specified path.
If this directory should no longer be in your list of user repositories, go to the IP Settings dialog and remove it.
WARNING: [IP_Flow 19-2207] Repository 'd:/github_repo/ZYNQ_PL_CONV/vivado_project/ip_repo/myip_1.0' already exists; ignoring attempt to add it again.
WARNING: [IP_Flow 19-2248] Failed to load user IP repository 'd:/github_repo/ZYNQ_PL_CONV/vivado_project/ip_repo/myip_1.0'; Can't find the specified path.
If this directory should no longer be in your list of user repositories, go to the IP Settings dialog and remove it.
WARNING: [IP_Flow 19-2248] Failed to load user IP repository 'd:/github_repo/ZYNQ_PL_CONV/github_repo/ip_repo/AXI2PL_1.0'; Can't find the specified path.
If this directory should no longer be in your list of user repositories, go to the IP Settings dialog and remove it.
INFO: [IP_Flow 19-2313] Loaded Vivado IP repository 'D:/SoftwareRoot/Vivado2019.1/Vivado/2019.1/data/ip'.
open_project: Time (s): cpu = 00:00:04 ; elapsed = 00:00:10 . Memory (MB): peak = 984.660 ; gain = 300.320
update_compile_order -fileset sources_1
file copy -force D:/github_repo/ZYNQ_PL_CONV/vivado_project/zynq_pl_acc_demo/zynq_pl_acc_demo.runs/impl_1/system_wrapper.sysdef D:/github_repo/ZYNQ_PL_CONV/vivado_project/zynq_pl_acc_demo/zynq_pl_acc_demo.sdk/system_wrapper.hdf

file mkdir D:/github_repo/ZYNQ_PL_CONV/vivado_project/zynq_pl_acc_demo/zynq_pl_acc_demo.sdk
file copy -force D:/github_repo/ZYNQ_PL_CONV/vivado_project/zynq_pl_acc_demo/zynq_pl_acc_demo.runs/impl_1/system_wrapper.sysdef D:/github_repo/ZYNQ_PL_CONV/vivado_project/zynq_pl_acc_demo/zynq_pl_acc_demo.sdk/system_wrapper.hdf

launch_sdk -workspace D:/github_repo/ZYNQ_PL_CONV/vivado_project/zynq_pl_acc_demo/zynq_pl_acc_demo.sdk -hwspec D:/github_repo/ZYNQ_PL_CONV/vivado_project/zynq_pl_acc_demo/zynq_pl_acc_demo.sdk/system_wrapper.hdf
INFO: [Vivado 12-393] Launching SDK...
INFO: [Vivado 12-417] Running xsdk -workspace D:/github_repo/ZYNQ_PL_CONV/vivado_project/zynq_pl_acc_demo/zynq_pl_acc_demo.sdk -hwspec D:/github_repo/ZYNQ_PL_CONV/vivado_project/zynq_pl_acc_demo/zynq_pl_acc_demo.sdk/system_wrapper.hdf
INFO: [Vivado 12-3157] SDK launch initiated. Please check console for any further messages.
launch_sdk -workspace D:/github_repo/ZYNQ_PL_CONV/vivado_project/zynq_pl_acc_demo/zynq_pl_acc_demo.sdk -hwspec D:/github_repo/ZYNQ_PL_CONV/vivado_project/zynq_pl_acc_demo/zynq_pl_acc_demo.sdk/system_wrapper.hdf
INFO: [Vivado 12-393] Launching SDK...
INFO: [Vivado 12-417] Running xsdk -workspace D:/github_repo/ZYNQ_PL_CONV/vivado_project/zynq_pl_acc_demo/zynq_pl_acc_demo.sdk -hwspec D:/github_repo/ZYNQ_PL_CONV/vivado_project/zynq_pl_acc_demo/zynq_pl_acc_demo.sdk/system_wrapper.hdf
INFO: [Vivado 12-3157] SDK launch initiated. Please check console for any further messages.
open_hw
connect_hw_server
INFO: [Labtools 27-2285] Connecting to hw_server url TCP:localhost:3121
INFO: [Common 17-41] Interrupt caught. Command should exit soon.
INFO: [Labtools 27-2058] connect_hw_server command cancelled.
connect_hw_server: Time (s): cpu = 00:00:00 ; elapsed = 00:00:17 . Memory (MB): peak = 1664.574 ; gain = 12.168
INFO: [Common 17-344] 'connect_hw_server' was cancelled
connect_hw_server
INFO: [Labtools 27-2285] Connecting to hw_server url TCP:localhost:3121
INFO: [Common 17-41] Interrupt caught. Command should exit soon.
INFO: [Labtools 27-2058] connect_hw_server command cancelled.
connect_hw_server: Time (s): cpu = 00:00:01 ; elapsed = 00:00:17 . Memory (MB): peak = 1664.574 ; gain = 0.000
INFO: [Common 17-344] 'connect_hw_server' was cancelled
exit
INFO: [Common 17-206] Exiting Vivado at Fri Apr 14 09:35:23 2023...
